<?xml version="1.0" encoding="UTF-8" ?>
<testsuite errors="0" failures="0" hostname="ip-172-31-44-200.eu-west-1.compute.internal" name="com.centrica.domain.RelatedArticleTest" skipped="0" tests="1" time="0.002" timestamp="2019-10-16T18:36:47">
  <properties>
    <property name="config.target.folder" value="C:\workspace\domains\Online/load" />
    <property name="file.encoding.pkg" value="sun.io" />
    <property name="ant.file.type.britishgas-common" value="file" />
    <property name="sonar.root.project.key" value="CQ-TRUNK" />
    <property name="britishgas-domain-dependent" value="odata,services,repository,wcmcore,gateway,commands,serviceimpls,servlets,webservices,batch,cache" />
    <property name="cq.install.dir" value="/home/ec2-user/cq-trunk-stack/core/britishgas/target/build/domain/cq/jcr_root/apps/centrica/install" />
    <property name="java.home" value="/usr/lib/jvm/java-1.7.0-openjdk-1.7.0.231-2.6.19.1.amzn2.0.1.x86_64/jre" />
    <property name="sonar.projectKey" value="CQ-TRUNK:britishgas:domain" />
    <property name="test.src.dir" value="/home/ec2-user/cq-trunk-stack/core/britishgas/domain/src/test/java" />
    <property name="env.LS_COLORS" value="rs=0:di=01;34:ln=01;36:mh=00:pi=40;33:so=01;35:do=01;35:bd=40;33;01:cd=40;33;01:or=40;31;01:mi=01;05;37;41:su=37;41:sg=30;43:ca=30;41:tw=30;42:ow=34;42:st=37;44:ex=01;32:*.tar=01;31:*.tgz=01;31:*.arc=01;31:*.arj=01;31:*.taz=01;31:*.lha=01;31:*.lz4=01;31:*.lzh=01;31:*.lzma=01;31:*.tlz=01;31:*.txz=01;31:*.tzo=01;31:*.t7z=01;31:*.zip=01;31:*.z=01;31:*.Z=01;31:*.dz=01;31:*.gz=01;31:*.lrz=01;31:*.lz=01;31:*.lzo=01;31:*.xz=01;31:*.bz2=01;31:*.bz=01;31:*.tbz=01;31:*.tbz2=01;31:*.tz=01;31:*.deb=01;31:*.rpm=01;31:*.jar=01;31:*.war=01;31:*.ear=01;31:*.sar=01;31:*.rar=01;31:*.alz=01;31:*.ace=01;31:*.zoo=01;31:*.cpio=01;31:*.7z=01;31:*.rz=01;31:*.cab=01;31:*.jpg=01;35:*.jpeg=01;35:*.gif=01;35:*.bmp=01;35:*.pbm=01;35:*.pgm=01;35:*.ppm=01;35:*.tga=01;35:*.xbm=01;35:*.xpm=01;35:*.tif=01;35:*.tiff=01;35:*.png=01;35:*.svg=01;35:*.svgz=01;35:*.mng=01;35:*.pcx=01;35:*.mov=01;35:*.mpg=01;35:*.mpeg=01;35:*.m2v=01;35:*.mkv=01;35:*.webm=01;35:*.ogm=01;35:*.mp4=01;35:*.m4v=01;35:*.mp4v=01;35:*.vob=01;35:*.qt=01;35:*.nuv=01;35:*.wmv=01;35:*.asf=01;35:*.rm=01;35:*.rmvb=01;35:*.flc=01;35:*.avi=01;35:*.fli=01;35:*.flv=01;35:*.gl=01;35:*.dl=01;35:*.xcf=01;35:*.xwd=01;35:*.yuv=01;35:*.cgm=01;35:*.emf=01;35:*.axv=01;35:*.anx=01;35:*.ogv=01;35:*.ogx=01;35:*.aac=01;36:*.au=01;36:*.flac=01;36:*.mid=01;36:*.midi=01;36:*.mka=01;36:*.mp3=01;36:*.mpc=01;36:*.ogg=01;36:*.ra=01;36:*.wav=01;36:*.axa=01;36:*.oga=01;36:*.spx=01;36:*.xspf=01;36:" />
    <property name="env.SSH_TTY" value="/dev/pts/0" />
    <property name="components.build.dir" value="/home/ec2-user/cq-trunk-stack/core/britishgas/target/build/domain/cq" />
    <property name="ant.file.type.britishgas-properties" value="file" />
    <property name="java.endorsed.dirs" value="/usr/lib/jvm/java-1.7.0-openjdk-1.7.0.231-2.6.19.1.amzn2.0.1.x86_64/jre/lib/endorsed" />
    <property name="env.LOGNAME" value="ec2-user" />
    <property name="cq.felix.console.url" value="http://localhost:7001/system/console/bundles" />
    <property name="build.evn" value="dev" />
    <property name="britishgas.cq.component.name" value="britishgas" />
    <property name="src.dir" value="/home/ec2-user/cq-trunk-stack/core/britishgas/domain/src/main/java" />
    <property name="enable.incremental.build" value="false" />
    <property name="sun.os.patch.level" value="unknown" />
    <property name="java.vendor.url" value="http://java.oracle.com/" />
    <property name="britishgas-commons-dependent" value="domain,odata,services,repository,wcmcore,gateway,commands,serviceimpls,servlets,webservices,batch" />
    <property name="java.version" value="1.7.0_231" />
    <property name="panopticode.dir" value="/home/ec2-user/cq-trunk-stack/core/britishgas/tools/panopticode" />
    <property name="cq.module" value="cq" />
    <property name="go.build.svn.revision" value="${env.GO_REVISION_SVN}" />
    <property name="britishgas-repository-dependent" value="wcmcore,gateway,commands,serviceimpls,servlets,webservices,batch" />
    <property name="svn.repository" value="CQ" />
    <property name="britishgas-batch.compile.done" value="true" />
    <property name="bundle.name" value="britishgasDomain" />
    <property name="parent.root.dir" value=".." />
    <property name="java.vendor.url.bug" value="http://bugreport.sun.com/bugreport/" />
    <property name="env.SSH_CLIENT" value="165.225.80.121 13240 22" />
    <property name="britishgas-serviceimpls.compile.done" value="true" />
    <property name="cq.admin.user.password" value="-u admin:admin" />
    <property name="britishgas-serviceimpls-dependent" value="servlets,webservices,batch" />
    <property name="ant.project.invoked-targets" value="incremental.test" />
    <property name="java.protocol.handler.pkgs" value="weblogic.utils" />
    <property name="test.lib.dir" value="/home/ec2-user/cq-trunk-stack/core/britishgas/lib/test" />
    <property name="weblogic.port" value="7001" />
    <property name="instrumented.classes.dir" value="/home/ec2-user/cq-trunk-stack/core/britishgas/target/build/domain/instrumentedclasses" />
    <property name="sonar.tests" value="/home/ec2-user/cq-trunk-stack/core/britishgas/domain/src/test/java" />
    <property name="britishgas-commands.compile.done" value="true" />
    <property name="user.name" value="ec2-user" />
    <property name="env.LANG" value="en_US.UTF-8" />
    <property name="java.compiler.target.version" value="1.6" />
    <property name="sun.io.unicode.encoding" value="UnicodeLittle" />
    <property name="sun.jnu.encoding" value="UTF-8" />
    <property name="java.runtime.name" value="OpenJDK Runtime Environment" />
    <property name="cq.package.manager.url" value="http://localhost:7001/crx/packmgr/service.jsp" />
    <property name="ant.file.britishgas-domain" value="/home/ec2-user/cq-trunk-stack/core/britishgas/domain/build-domain.xml" />
    <property name="env.SSH_CONNECTION" value="165.225.80.121 13240 172.31.44.200 22" />
    <property name="lib.dir" value="/home/ec2-user/cq-trunk-stack/core/britishgas/lib" />
    <property name="java.specification.name" value="Java Platform API Specification" />
    <property name="servlets.module" value="servlets" />
    <property name="user.timezone" value="" />
    <property name="env.LESSOPEN" value="||/usr/bin/lesspipe.sh %s" />
    <property name="britishgas-commons.compile.done" value="false" />
    <property name="src.root.dir" value="./" />
    <property name="path.separator" value=":" />
    <property name="britishgas.package.name" value="bgas-dev" />
    <property name="file.encoding" value="UTF-8" />
    <property name="ant.project.default-target" value="deploy" />
    <property name="cmdParams" value="--output /home/ec2-user/cq-trunk-stack/core/britishgas/target/curl.output" />
    <property name="env.HOME" value="/home/ec2-user" />
    <property name="sun.java.command" value="org.apache.tools.ant.taskdefs.optional.junit.JUnitTestRunner testsfile=/home/ec2-user/cq-trunk-stack/core/britishgas/domain/junittestcases5511694334341416377.properties filtertrace=true haltOnError=false haltOnFailure=false showoutput=false outputtoformatters=true logfailedtests=true logtestlistenerevents=false formatter=org.apache.tools.ant.taskdefs.optional.junit.PlainJUnitResultFormatter formatter=org.apache.tools.ant.taskdefs.optional.junit.XMLJUnitResultFormatter,/home/ec2-user/cq-trunk-stack/core/britishgas/target/build/domain/junitreport/IGNORETHIS.xml formatter=org.apache.tools.ant.taskdefs.optional.junit.PlainJUnitResultFormatter,/home/ec2-user/cq-trunk-stack/core/britishgas/target/build/domain/junitreport/IGNORETHIS.txt crashfile=/home/ec2-user/cq-trunk-stack/core/britishgas/domain/junitvmwatcher976672081543328082.properties propsfile=/home/ec2-user/cq-trunk-stack/core/britishgas/domain/junit7343027203220492200.properties" />
    <property name="ant.file" value="/home/ec2-user/cq-trunk-stack/core/britishgas/domain/build-domain.xml" />
    <property name="temp.file" value="/home/ec2-user/cq-trunk-stack/core/britishgas/target/curl.output" />
    <property name="clientgen.module" value="clientgen" />
    <property name="reports.javadocs.dir" value="/home/ec2-user/cq-trunk-stack/core/britishgas/target/build/domain/javadocs" />
    <property name="src.bundle.dir" value="/home/ec2-user/cq-trunk-stack/core/britishgas/domain/src/main/java" />
    <property name="sonar.cobertura.reportPath" value="/home/ec2-user/cq-trunk-stack/core/britishgas/target/build/domain/coberturareport/coverage.xml" />
    <property name="env.HOSTNAME" value="ip-172-31-44-200.eu-west-1.compute.internal" />
    <property name="gateway.module" value="gateway" />
    <property name="test.bundle.dir" value="/home/ec2-user/cq-trunk-stack/core/britishgas/domain/src/test/java" />
    <property name="ant.file.type.britishgas" value="file" />
    <property name="java.io.tmpdir" value="/tmp" />
    <property name="TODAY" value="October 16 2019" />
    <property name="fileinstall.config.folder" value="load" />
    <property name="britishgas-domain.disable.pre.compile" value="true" />
    <property name="user.language" value="en" />
    <property name="env.HISTCONTROL" value="ignoredups" />
    <property name="line.separator" value="&#xa;" />
    <property name="britishgas-cache.compile.done" value="true" />
    <property name="ant.file.type" value="file" />
    <property name="britishgas-gateway.compile.done" value="true" />
    <property name="ant.file.britishgas-common" value="/home/ec2-user/cq-trunk-stack/core/britishgas/all/build-common.xml" />
    <property name="sonar.surefire.reportsPath" value="/home/ec2-user/cq-trunk-stack/core/britishgas/target/build/domain/junitreport" />
    <property name="weblogic.host" value="localhost" />
    <property name="env.HISTSIZE" value="1000" />
    <property name="antlib" value="/home/ec2-user/cq-trunk-stack/core/britishgas/tools/apache-ant-1.8.1/lib" />
    <property name="tools.dir" value="/home/ec2-user/cq-trunk-stack/core/britishgas/tools" />
    <property name="java.vm.info" value="mixed mode" />
    <property name="java.vm.specification.name" value="Java Virtual Machine Specification" />
    <property name="britishgas-wcmcore-dependent" value="gateway,commands,serviceimpls,servlets,webservices,batch" />
    <property name="cobertura.dir" value="/home/ec2-user/cq-trunk-stack/core/britishgas/tools/cobertura-1.9.4.1" />
    <property name="test.classes.dir" value="/home/ec2-user/cq-trunk-stack/core/britishgas/target/build/domain/testclasses" />
    <property name="cobertura.line.rate" value="91" />
    <property name="cobertura.ser.file" value="/home/ec2-user/cq-trunk-stack/core/britishgas/target/build/domain/cobertura.ser" />
    <property name="java.awt.printerjob" value="sun.print.PSPrinterJob" />
    <property name="britishgas-servlets-dependent" value="batch" />
    <property name="ant.version" value="Apache Ant(TM) version 1.9.2 compiled on November 13 2017" />
    <property name="jdk.path" value="${env.JAVA_HOME}" />
    <property name="repository.module" value="repository" />
    <property name="os.name" value="Linux" />
    <property name="java.specification.vendor" value="Oracle Corporation" />
    <property name="env.TERM" value="xterm" />
    <property name="java.vm.name" value="OpenJDK 64-Bit Server VM" />
    <property name="target.root.dir" value=".." />
    <property name="bg.content.package.name" value="bg-stubContent" />
    <property name="ant.file.type.britishgas-macrodefs" value="file" />
    <property name="java.library.path" value="/usr/lib/oracle/11.2/client64/lib:/usr/java/packages/lib/amd64:/usr/lib64:/lib64:/lib:/usr/lib" />
    <property name="env.PATH" value="/home/ec2-user/awsiam/bin:/home/ec2-user/awsiam/bin:/home/ec2-user/bin:/home/ec2-user/.nvm/versions/node/v6.11.4/bin:/home/ec2-user/vault:/home/ec2-user/awsiam/bin:/home/ec2-user/bin:/usr/local/bin:/usr/bin:/usr/local/sbin:/usr/sbin:/home/ec2-user/.local/bin:/home/ec2-user/bin:/usr/lib/oracle/11.2/client64//bin" />
    <property name="ant.java.version" value="1.7" />
    <property name="osgi.manifest.dir" value="src/main/resources/osgi" />
    <property name="basedir" value="/home/ec2-user/cq-trunk-stack/core/britishgas/domain" />
    <property name="java.class.version" value="51.0" />
    <property name="env.SHLVL" value="1" />
    <property name="weblogic.domain.home.isset" value="true" />
    <property name="env.LD_LIBRARY_PATH" value="/usr/lib/oracle/11.2/client64/lib" />
    <property name="sonar.binaries" value="../target/build/clientgen/classes,../target/build/commons/classes,../target/build/domain/classes,../target/build/services/classes,../target/build/repository/classes,../target/build/gateway/classes,../target/build/wcmcore/classes,../target/build/commands/classes,../target/build/serviceimpls/classes,../target/build/servlets/classes,../target/build/batch/classes" />
    <property name="ant.home" value="/usr/share/ant" />
    <property name="env.NVM_DIR" value="/home/ec2-user/.nvm" />
    <property name="java.compiler" value="${env.JAVA_HOME}/bin/javac" />
    <property name="env.NVM_BIN" value="/home/ec2-user/.nvm/versions/node/v6.11.4/bin" />
    <property name="britishgas-services-dependent" value="cache,repository,wcmcore,gateway,commands,serviceimpls,servlets,webservices,batch" />
    <property name="net.sourceforge.cobertura.datafile" value="/home/ec2-user/cq-trunk-stack/core/britishgas/target/build/domain/cobertura.ser" />
    <property name="sun.boot.library.path" value="/usr/lib/jvm/java-1.7.0-openjdk-1.7.0.231-2.6.19.1.amzn2.0.1.x86_64/jre/lib/amd64" />
    <property name="build.dir" value="../target/build" />
    <property name="target.dir" value="../target" />
    <property name="sun.management.compiler" value="HotSpot 64-Bit Tiered Compilers" />
    <property name="britishgas-webservices.compile.done" value="true" />
    <property name="java.awt.graphicsenv" value="sun.awt.X11GraphicsEnvironment" />
    <property name="ant.file.britishgas-properties" value="/home/ec2-user/cq-trunk-stack/core/britishgas/all/build-properties.xml" />
    <property name="env.USER" value="ec2-user" />
    <property name="src.resources.dir" value="/home/ec2-user/cq-trunk-stack/core/britishgas/domain/src/main/resources" />
    <property name="britishgas-servlets.compile.done" value="true" />
    <property name="domain.module" value="domain" />
    <property name="cq.admin.password" value="admin" />
    <property name="configfiles.src.folder" value="../serviceimpls/configfiles" />
    <property name="britishgas-cache-dependent" value="odata,serviceimpls,webservices" />
    <property name="ant.project.name" value="britishgas-domain" />
    <property name="java.vm.specification.version" value="1.7" />
    <property name="britishgas-domain.run.unit.test" value="true" />
    <property name="ant.dir" value="/home/ec2-user/cq-trunk-stack/core/britishgas/tools/apache-ant-1.8.1" />
    <property name="britishgas-wcmcore.compile.done" value="true" />
    <property name="env.NLSPATH" value="/usr/dt/lib/nls/msg/%L/%N.cat" />
    <property name="awt.toolkit" value="sun.awt.X11.XToolkit" />
    <property name="sun.cpu.isalist" value="" />
    <property name="java.ext.dirs" value="/usr/lib/jvm/java-1.7.0-openjdk-1.7.0.231-2.6.19.1.amzn2.0.1.x86_64/jre/lib/ext:/usr/java/packages/lib/ext" />
    <property name="os.version" value="4.14.146-119.123.amzn2.x86_64" />
    <property name="user.home" value="/home/ec2-user" />
    <property name="java.vm.vendor" value="Oracle Corporation" />
    <property name="fragment.module" value="fragment" />
    <property name="components.dir" value="/home/ec2-user/cq-trunk-stack/ui/src" />
    <property name="cobertura.reports.dir" value="/home/ec2-user/cq-trunk-stack/core/britishgas/target/build/domain/coberturareport" />
    <property name="env.XDG_SESSION_ID" value="1080" />
    <property name="user.dir" value="/home/ec2-user/cq-trunk-stack/core/britishgas/all" />
    <property name="env.XFILESEARCHPATH" value="/usr/dt/app-defaults/%L/Dt" />
    <property name="svn.branch" value="TRUNK" />
    <property name="env.MAIL" value="/var/spool/mail/ec2-user" />
    <property name="env.PWD" value="/home/ec2-user/cq-trunk-stack/core/britishgas/all" />
    <property name="sonar.root.project.name" value="CQ-TRUNK" />
    <property name="britishgas-gateway-dependent" value="commands,serviceimpls,servlets,webservices,batch" />
    <property name="britishgas-commands-dependent" value="serviceimpls,servlets,webservices,batch" />
    <property name="britishgas-domain.compile.done" value="true" />
    <property name="sun.cpu.endian" value="little" />
    <property name="cobertura.branch.rate" value="88" />
    <property name="application.name" value="britishgas" />
    <property name="cq.admin.user" value="admin" />
    <property name="java.vm.version" value="24.231-b01" />
    <property name="java.class.path" value="/home/ec2-user/cq-trunk-stack/core/britishgas/target/build/domain/instrumentedclasses:/home/ec2-user/cq-trunk-stack/core/britishgas/target/build/domain/classes:/home/ec2-user/cq-trunk-stack/core/britishgas/lib/buildtime/BVSDKUTIL_1.0.0.jar:/home/ec2-user/cq-trunk-stack/core/britishgas/lib/buildtime/ChartDirector-bundle.jar:/home/ec2-user/cq-trunk-stack/core/britishgas/lib/buildtime/JavaPNS_2.2.jar:/home/ec2-user/cq-trunk-stack/core/britishgas/lib/buildtime/Spymemcache_2.11.4.jar:/home/ec2-user/cq-trunk-stack/core/britishgas/lib/buildtime/anttasks/biz.aQute.bnd.jar:/home/ec2-user/cq-trunk-stack/core/britishgas/lib/buildtime/anttasks/custom-ant-tasks.jar:/home/ec2-user/cq-trunk-stack/core/britishgas/lib/buildtime/anttasks/org.apache.felix.scr.ant-1.1.0.jar:/home/ec2-user/cq-trunk-stack/core/britishgas/lib/buildtime/apache-cxf-single-bundle-distribution-v1.4.jar:/home/ec2-user/cq-trunk-stack/core/britishgas/lib/buildtime/bcprov-jdk15-146.jar:/home/ec2-user/cq-trunk-stack/core/britishgas/lib/buildtime/comn.jar:/home/ec2-user/cq-trunk-stack/core/britishgas/lib/buildtime/cq/abdera-client-1.0-R783018.jar:/home/ec2-user/cq-trunk-stack/core/britishgas/lib/buildtime/cq/abdera-core-1.0-R783018.jar:/home/ec2-user/cq-trunk-stack/core/britishgas/lib/buildtime/cq/abdera-extensions-media-1.0-R783018.jar:/home/ec2-user/cq-trunk-stack/core/britishgas/lib/buildtime/cq/abdera-extensions-opensearch-1.0-R783018.jar:/home/ec2-user/cq-trunk-stack/core/britishgas/lib/buildtime/cq/abdera-i18n-1.0-R783018.jar:/home/ec2-user/cq-trunk-stack/core/britishgas/lib/buildtime/cq/abdera-parser-1.0-R783018.jar:/home/ec2-user/cq-trunk-stack/core/britishgas/lib/buildtime/cq/abdera-server-1.0-R783018.jar:/home/ec2-user/cq-trunk-stack/core/britishgas/lib/buildtime/cq/axis.jar:/home/ec2-user/cq-trunk-stack/core/britishgas/lib/buildtime/cq/cocoon-xml-2.0.2.jar:/home/ec2-user/cq-trunk-stack/core/britishgas/lib/buildtime/cq/com.day.commons.osgi.wrapper.commons-email-1.1.0-0001.jar:/home/ec2-user/cq-trunk-stack/core/britishgas/lib/buildtime/cq/com.day.commons.osgi.wrapper.commons-httpclient-3.1.0.003.jar:/home/ec2-user/cq-trunk-stack/core/britishgas/lib/buildtime/cq/com.day.commons.osgi.wrapper.fop-0.95-0002.jar:/home/ec2-user/cq-trunk-stack/core/britishgas/lib/buildtime/cq/com.day.commons.osgi.wrapper.mail-1.4.0-0001.jar:/home/ec2-user/cq-trunk-stack/core/britishgas/lib/buildtime/cq/com.day.commons.osgi.wrapper.svnkit-1.3.0.5847-0002.jar:/home/ec2-user/cq-trunk-stack/core/britishgas/lib/buildtime/cq/com.day.cq.dam.commons.nekohtml-0.9.5-0005.jar:/home/ec2-user/cq-trunk-stack/core/britishgas/lib/buildtime/cq/com.day.jcr.vault-2.2.22.jar:/home/ec2-user/cq-trunk-stack/core/britishgas/lib/buildtime/cq/com.grundfos.wcm-core.jar:/home/ec2-user/cq-trunk-stack/core/britishgas/lib/buildtime/cq/commons-codec-1.4.jar:/home/ec2-user/cq-trunk-stack/core/britishgas/lib/buildtime/cq/commons-discovery-0.2.jar:/home/ec2-user/cq-trunk-stack/core/britishgas/lib/buildtime/cq/commons-exec-1.0.jar:/home/ec2-user/cq-trunk-stack/core/britishgas/lib/buildtime/cq/commons-lang-2.4.jar:/home/ec2-user/cq-trunk-stack/core/britishgas/lib/buildtime/cq/commons-lang-2.5.jar:/home/ec2-user/cq-trunk-stack/core/britishgas/lib/buildtime/cq/commons-logging-1.0.4.jar:/home/ec2-user/cq-trunk-stack/core/britishgas/lib/buildtime/cq/cq-activitystreams-api-5.4.0.jar:/home/ec2-user/cq-trunk-stack/core/britishgas/lib/buildtime/cq/cq-activitystreams-core-5.4.2.jar:/home/ec2-user/cq-trunk-stack/core/britishgas/lib/buildtime/cq/cq-analytics-5.4.4.jar:/home/ec2-user/cq-trunk-stack/core/britishgas/lib/buildtime/cq/cq-apns-client-0.1.6.jar:/home/ec2-user/cq-trunk-stack/core/britishgas/lib/buildtime/cq/cq-apns-core-5.4.0.jar:/home/ec2-user/cq-trunk-stack/core/britishgas/lib/buildtime/cq/cq-audit-5.4.0.jar:/home/ec2-user/cq-trunk-stack/core/britishgas/lib/buildtime/cq/cq-authhandler-5.4.0.jar:/home/ec2-user/cq-trunk-stack/core/britishgas/lib/buildtime/cq/cq-chart-5.3.0.jar:/home/ec2-user/cq-trunk-stack/core/britishgas/lib/buildtime/cq/cq-collab-blog-5.4.0.jar:/home/ec2-user/cq-trunk-stack/core/britishgas/lib/buildtime/cq/cq-collab-calendar-5.4.2.jar:/home/ec2-user/cq-trunk-stack/core/britishgas/lib/buildtime/cq/cq-collab-commons-5.4.6.jar:/home/ec2-user/cq-trunk-stack/core/britishgas/lib/buildtime/cq/cq-collab-core-5.4.4.jar:/home/ec2-user/cq-trunk-stack/core/britishgas/lib/buildtime/cq/cq-collab-forum-5.4.6.jar:/home/ec2-user/cq-trunk-stack/core/britishgas/lib/buildtime/cq/cq-collab-wiki-5.4.0.jar:/home/ec2-user/cq-trunk-stack/core/britishgas/lib/buildtime/cq/cq-collab-wiki-api-5.3.0.jar:/home/ec2-user/cq-trunk-stack/core/britishgas/lib/buildtime/cq/cq-commons-5.4.6.jar:/home/ec2-user/cq-trunk-stack/core/britishgas/lib/buildtime/cq/cq-compat-codeupgrade-1.0.6.jar:/home/ec2-user/cq-trunk-stack/core/britishgas/lib/buildtime/cq/cq-compat-commons-auth-0.1.2.jar:/home/ec2-user/cq-trunk-stack/core/britishgas/lib/buildtime/cq/cq-compat-core-1.0.8.jar:/home/ec2-user/cq-trunk-stack/core/britishgas/lib/buildtime/cq/cq-compat-cqupgrade-1.0.4.jar:/home/ec2-user/cq-trunk-stack/core/britishgas/lib/buildtime/cq/cq-compat-migration-1.1.10.jar:/home/ec2-user/cq-trunk-stack/core/britishgas/lib/buildtime/cq/cq-compat-migration-medialib-1.0.0.jar:/home/ec2-user/cq-trunk-stack/core/britishgas/lib/buildtime/cq/cq-compat-migration-users-1.0.0.jar:/home/ec2-user/cq-trunk-stack/core/britishgas/lib/buildtime/cq/cq-connector-5.4.0.jar:/home/ec2-user/cq-trunk-stack/core/britishgas/lib/buildtime/cq/cq-content-sync-5.4.2.jar:/home/ec2-user/cq-trunk-stack/core/britishgas/lib/buildtime/cq/cq-dam-api-5.4.0.jar:/home/ec2-user/cq-trunk-stack/core/britishgas/lib/buildtime/cq/cq-dam-commons-5.4.2.jar:/home/ec2-user/cq-trunk-stack/core/britishgas/lib/buildtime/cq/cq-dam-core-5.4.4.jar:/home/ec2-user/cq-trunk-stack/core/britishgas/lib/buildtime/cq/cq-dam-handler-5.4.2.jar:/home/ec2-user/cq-trunk-stack/core/britishgas/lib/buildtime/cq/cq-dam-video-5.4.2.jar:/home/ec2-user/cq-trunk-stack/core/britishgas/lib/buildtime/cq/cq-i18n-5.4.2.jar:/home/ec2-user/cq-trunk-stack/core/britishgas/lib/buildtime/cq/cq-jcrclustersupport-0.1.2.jar:/home/ec2-user/cq-trunk-stack/core/britishgas/lib/buildtime/cq/cq-jobs-core-5.4.0.jar:/home/ec2-user/cq-trunk-stack/core/britishgas/lib/buildtime/cq/cq-mailer-5.4.0.jar:/home/ec2-user/cq-trunk-stack/core/britishgas/lib/buildtime/cq/cq-mcm-core-5.4.4.jar:/home/ec2-user/cq-trunk-stack/core/britishgas/lib/buildtime/cq/cq-msm-api-5.4.2.jar:/home/ec2-user/cq-trunk-stack/core/britishgas/lib/buildtime/cq/cq-msm-core-5.4.6.jar:/home/ec2-user/cq-trunk-stack/core/britishgas/lib/buildtime/cq/cq-packaging-5.4.2.jar:/home/ec2-user/cq-trunk-stack/core/britishgas/lib/buildtime/cq/cq-personalization-5.4.6.jar:/home/ec2-user/cq-trunk-stack/core/britishgas/lib/buildtime/cq/cq-pinauthhandler-0.1.6.jar:/home/ec2-user/cq-trunk-stack/core/britishgas/lib/buildtime/cq/cq-polling-importer-5.4.0.jar:/home/ec2-user/cq-trunk-stack/core/britishgas/lib/buildtime/cq/cq-portlet-components-5.4.4.jar:/home/ec2-user/cq-trunk-stack/core/britishgas/lib/buildtime/cq/cq-replication-5.4.2.jar:/home/ec2-user/cq-trunk-stack/core/britishgas/lib/buildtime/cq/cq-reporting-5.4.0.jar:/home/ec2-user/cq-trunk-stack/core/britishgas/lib/buildtime/cq/cq-retriever-5.4.0.jar:/home/ec2-user/cq-trunk-stack/core/britishgas/lib/buildtime/cq/cq-rewriter-5.4.2.jar:/home/ec2-user/cq-trunk-stack/core/britishgas/lib/buildtime/cq/cq-search-5.4.6.jar:/home/ec2-user/cq-trunk-stack/core/britishgas/lib/buildtime/cq/cq-security-5.4.8.jar:/home/ec2-user/cq-trunk-stack/core/britishgas/lib/buildtime/cq/cq-security-api-5.4.4.jar:/home/ec2-user/cq-trunk-stack/core/britishgas/lib/buildtime/cq/cq-shindig-5.4.2.jar:/home/ec2-user/cq-trunk-stack/core/britishgas/lib/buildtime/cq/cq-spellchecker-5.4.0.jar:/home/ec2-user/cq-trunk-stack/core/britishgas/lib/buildtime/cq/cq-statistics-5.4.0.jar:/home/ec2-user/cq-trunk-stack/core/britishgas/lib/buildtime/cq/cq-tagging-5.4.2.jar:/home/ec2-user/cq-trunk-stack/core/britishgas/lib/buildtime/cq/cq-wcm-api-5.4.0.jar:/home/ec2-user/cq-trunk-stack/core/britishgas/lib/buildtime/cq/cq-wcm-commons-5.4.2.jar:/home/ec2-user/cq-trunk-stack/core/britishgas/lib/buildtime/cq/cq-wcm-core-5.4.10.jar:/home/ec2-user/cq-trunk-stack/core/britishgas/lib/buildtime/cq/cq-wcm-emulator-5.4.2.jar:/home/ec2-user/cq-trunk-stack/core/britishgas/lib/buildtime/cq/cq-wcm-foundation-5.4.2.jar:/home/ec2-user/cq-trunk-stack/core/britishgas/lib/buildtime/cq/cq-wcm-geometrixx-5.4.0.jar:/home/ec2-user/cq-trunk-stack/core/britishgas/lib/buildtime/cq/cq-wcm-mobile-api-5.4.0.jar:/home/ec2-user/cq-trunk-stack/core/britishgas/lib/buildtime/cq/cq-wcm-mobile-core-5.4.2.jar:/home/ec2-user/cq-trunk-stack/core/britishgas/lib/buildtime/cq/cq-wcm-newsletter-5.4.0.jar:/home/ec2-user/cq-trunk-stack/core/britishgas/lib/buildtime/cq/cq-wcm-notification-5.4.6.jar:/home/ec2-user/cq-trunk-stack/core/britishgas/lib/buildtime/cq/cq-wcm-offline-5.3.0.jar:/home/ec2-user/cq-trunk-stack/core/britishgas/lib/buildtime/cq/cq-wcm-siteimporter-5.4.2.jar:/home/ec2-user/cq-trunk-stack/core/britishgas/lib/buildtime/cq/cq-wcm-taglib-5.4.0.jar:/home/ec2-user/cq-trunk-stack/core/britishgas/lib/buildtime/cq/cq-wcm-workflow-5.4.2.jar:/home/ec2-user/cq-trunk-stack/core/britishgas/lib/buildtime/cq/cq-wcm-workflow-api-5.3.0.jar:/home/ec2-user/cq-trunk-stack/core/britishgas/lib/buildtime/cq/cq-widgets-5.4.2.jar:/home/ec2-user/cq-trunk-stack/core/britishgas/lib/buildtime/cq/cq-workflow-api-5.4.2.jar:/home/ec2-user/cq-trunk-stack/core/britishgas/lib/buildtime/cq/cq-workflow-console-5.4.4.jar:/home/ec2-user/cq-trunk-stack/core/britishgas/lib/buildtime/cq/cq-workflow-impl-5.4.0.jar:/home/ec2-user/cq-trunk-stack/core/britishgas/lib/buildtime/cq/cq-xssprotection-5.4.0.jar:/home/ec2-user/cq-trunk-stack/core/britishgas/lib/buildtime/cq/crx-auth-token-2.2.0.jar:/home/ec2-user/cq-trunk-stack/core/britishgas/lib/buildtime/cq/crx-scm-integration-2.0.0.jar:/home/ec2-user/cq-trunk-stack/core/britishgas/lib/buildtime/cq/crx-scm-integration-2.2.0.jar:/home/ec2-user/cq-trunk-stack/core/britishgas/lib/buildtime/cq/crxde-support-2.0.0.jar:/home/ec2-user/cq-trunk-stack/core/britishgas/lib/buildtime/cq/crxde-support-2.2.0.jar:/home/ec2-user/cq-trunk-stack/core/britishgas/lib/buildtime/cq/day-commons-diff-1.1.3.jar:/home/ec2-user/cq-trunk-stack/core/britishgas/lib/buildtime/cq/day-commons-durbo-2.1.1.jar:/home/ec2-user/cq-trunk-stack/core/britishgas/lib/buildtime/cq/day-commons-gfx-2.0.13.jar:/home/ec2-user/cq-trunk-stack/core/britishgas/lib/buildtime/cq/day-commons-io-1.1.5.jar:/home/ec2-user/cq-trunk-stack/core/britishgas/lib/buildtime/cq/day-commons-jrawio-1.5.0.006.jar:/home/ec2-user/cq-trunk-stack/core/britishgas/lib/buildtime/cq/day-commons-jstl-1.1.4.jar:/home/ec2-user/cq-trunk-stack/core/britishgas/lib/buildtime/cq/day-commons-misc-1.1.2.jar:/home/ec2-user/cq-trunk-stack/core/britishgas/lib/buildtime/cq/day-commons-text-1.1.6.jar:/home/ec2-user/cq-trunk-stack/core/britishgas/lib/buildtime/cq/day.commons.datasource.jdbcpool-1.0.6.jar:/home/ec2-user/cq-trunk-stack/core/britishgas/lib/buildtime/cq/day.commons.datasource.poolservice-1.0.1.jar:/home/ec2-user/cq-trunk-stack/core/britishgas/lib/buildtime/cq/dbprops-7.0.jar:/home/ec2-user/cq-trunk-stack/core/britishgas/lib/buildtime/cq/jackrabbit-jcr-commons-2.2.4.jar:/home/ec2-user/cq-trunk-stack/core/britishgas/lib/buildtime/cq/jaxrpc.jar:/home/ec2-user/cq-trunk-stack/core/britishgas/lib/buildtime/cq/jcr-2.0.jar:/home/ec2-user/cq-trunk-stack/core/britishgas/lib/buildtime/cq/jgroups-all.jar:/home/ec2-user/cq-trunk-stack/core/britishgas/lib/buildtime/cq/log4j-1.2.8.jar:/home/ec2-user/cq-trunk-stack/core/britishgas/lib/buildtime/cq/org.apache.felix.http.bridge-2.0.5-R901608.jar:/home/ec2-user/cq-trunk-stack/core/britishgas/lib/buildtime/cq/org.apache.sling.adapter-2.0.4.jar:/home/ec2-user/cq-trunk-stack/core/britishgas/lib/buildtime/cq/org.apache.sling.adapter-2.0.8.jar:/home/ec2-user/cq-trunk-stack/core/britishgas/lib/buildtime/cq/org.apache.sling.api-2.1.0.jar:/home/ec2-user/cq-trunk-stack/core/britishgas/lib/buildtime/cq/org.apache.sling.api-2.2.0.jar:/home/ec2-user/cq-trunk-stack/core/britishgas/lib/buildtime/cq/org.apache.sling.atom.taglib-0.9.0-R988585.jar:/home/ec2-user/cq-trunk-stack/core/britishgas/lib/buildtime/cq/org.apache.sling.auth.core-1.0.6.jar:/home/ec2-user/cq-trunk-stack/core/britishgas/lib/buildtime/cq/org.apache.sling.bgservlets-0.0.1-Rev1063222.jar:/home/ec2-user/cq-trunk-stack/core/britishgas/lib/buildtime/cq/org.apache.sling.bundleresource.impl-2.0.4-incubator.jar:/home/ec2-user/cq-trunk-stack/core/britishgas/lib/buildtime/cq/org.apache.sling.bundleresource.impl-2.0.6.jar:/home/ec2-user/cq-trunk-stack/core/britishgas/lib/buildtime/cq/org.apache.sling.commons.auth-0.9.0-R901448.jar:/home/ec2-user/cq-trunk-stack/core/britishgas/lib/buildtime/cq/org.apache.sling.commons.classloader-1.2.2.jar:/home/ec2-user/cq-trunk-stack/core/britishgas/lib/buildtime/cq/org.apache.sling.commons.compiler-2.0.2.jar:/home/ec2-user/cq-trunk-stack/core/britishgas/lib/buildtime/cq/org.apache.sling.commons.html-1.0.0.jar:/home/ec2-user/cq-trunk-stack/core/britishgas/lib/buildtime/cq/org.apache.sling.commons.json-2.0.4-incubator.jar:/home/ec2-user/cq-trunk-stack/core/britishgas/lib/buildtime/cq/org.apache.sling.commons.json-2.0.6.jar:/home/ec2-user/cq-trunk-stack/core/britishgas/lib/buildtime/cq/org.apache.sling.commons.log-4.0.0.jar:/home/ec2-user/cq-trunk-stack/core/britishgas/lib/buildtime/cq/org.apache.sling.commons.logservice-1.0.2.jar:/home/ec2-user/cq-trunk-stack/core/britishgas/lib/buildtime/cq/org.apache.sling.commons.mime-2.1.4.jar:/home/ec2-user/cq-trunk-stack/core/britishgas/lib/buildtime/cq/org.apache.sling.commons.osgi-2.0.4-incubator.jar:/home/ec2-user/cq-trunk-stack/core/britishgas/lib/buildtime/cq/org.apache.sling.commons.osgi-2.0.6.jar:/home/ec2-user/cq-trunk-stack/core/britishgas/lib/buildtime/cq/org.apache.sling.commons.scheduler-2.2.0.jar:/home/ec2-user/cq-trunk-stack/core/britishgas/lib/buildtime/cq/org.apache.sling.commons.threads-3.0.0.jar:/home/ec2-user/cq-trunk-stack/core/britishgas/lib/buildtime/cq/org.apache.sling.commons.threads-3.1.0.jar:/home/ec2-user/cq-trunk-stack/core/britishgas/lib/buildtime/cq/org.apache.sling.engine-2.0.7-R897784.jar:/home/ec2-user/cq-trunk-stack/core/britishgas/lib/buildtime/cq/org.apache.sling.engine-2.2.0.jar:/home/ec2-user/cq-trunk-stack/core/britishgas/lib/buildtime/cq/org.apache.sling.event-3.0.2.jar:/home/ec2-user/cq-trunk-stack/core/britishgas/lib/buildtime/cq/org.apache.sling.extensions.threaddump-0.2.0.jar:/home/ec2-user/cq-trunk-stack/core/britishgas/lib/buildtime/cq/org.apache.sling.extensions.webconsolesecurityprovider-1.0.0.jar:/home/ec2-user/cq-trunk-stack/core/britishgas/lib/buildtime/cq/org.apache.sling.i18n-2.0.1-tlp-R832918.jar:/home/ec2-user/cq-trunk-stack/core/britishgas/lib/buildtime/cq/org.apache.sling.i18n-2.0.4.jar:/home/ec2-user/cq-trunk-stack/core/britishgas/lib/buildtime/cq/org.apache.sling.installer.core-3.1.2.jar:/home/ec2-user/cq-trunk-stack/core/britishgas/lib/buildtime/cq/org.apache.sling.installer.provider.jcr-3.0.4.jar:/home/ec2-user/cq-trunk-stack/core/britishgas/lib/buildtime/cq/org.apache.sling.jcr.api-2.0.4.jar:/home/ec2-user/cq-trunk-stack/core/britishgas/lib/buildtime/cq/org.apache.sling.jcr.api-2.1.0.jar:/home/ec2-user/cq-trunk-stack/core/britishgas/lib/buildtime/cq/org.apache.sling.jcr.classloader-3.1.4.jar:/home/ec2-user/cq-trunk-stack/core/britishgas/lib/buildtime/cq/org.apache.sling.jcr.compiler-2.0.2.jar:/home/ec2-user/cq-trunk-stack/core/britishgas/lib/buildtime/cq/org.apache.sling.jcr.contentloader-2.0.4-incubator.jar:/home/ec2-user/cq-trunk-stack/core/britishgas/lib/buildtime/cq/org.apache.sling.jcr.contentloader-2.1.2.jar:/home/ec2-user/cq-trunk-stack/core/britishgas/lib/buildtime/cq/org.apache.sling.jcr.resource-2.0.9-R1067909.jar:/home/ec2-user/cq-trunk-stack/core/britishgas/lib/buildtime/cq/org.apache.sling.jcr.webdav-2.1.0.jar:/home/ec2-user/cq-trunk-stack/core/britishgas/lib/buildtime/cq/org.apache.sling.launchpad.base.jar:/home/ec2-user/cq-trunk-stack/core/britishgas/lib/buildtime/cq/org.apache.sling.portal.container-0.5.0-R988525.jar:/home/ec2-user/cq-trunk-stack/core/britishgas/lib/buildtime/cq/org.apache.sling.portal.container.fragment-0.1.0-incubator-R784046.jar:/home/ec2-user/cq-trunk-stack/core/britishgas/lib/buildtime/cq/org.apache.sling.rewriter-0.8.0-R883268.jar:/home/ec2-user/cq-trunk-stack/core/britishgas/lib/buildtime/cq/org.apache.sling.rewriter-1.0.0.jar:/home/ec2-user/cq-trunk-stack/core/britishgas/lib/buildtime/cq/org.apache.sling.runmode-2.0.3-tlp-R818849.jar:/home/ec2-user/cq-trunk-stack/core/britishgas/lib/buildtime/cq/org.apache.sling.samples.path-based.rtp-2.0.3-incubator-R708951.jar:/home/ec2-user/cq-trunk-stack/core/britishgas/lib/buildtime/cq/org.apache.sling.scripting.api-2.1.2.jar:/home/ec2-user/cq-trunk-stack/core/britishgas/lib/buildtime/cq/org.apache.sling.scripting.core-2.0.16.jar:/home/ec2-user/cq-trunk-stack/core/britishgas/lib/buildtime/cq/org.apache.sling.scripting.java-2.0.0.jar:/home/ec2-user/cq-trunk-stack/core/britishgas/lib/buildtime/cq/org.apache.sling.scripting.javascript-2.0.10.jar:/home/ec2-user/cq-trunk-stack/core/britishgas/lib/buildtime/cq/org.apache.sling.scripting.jsp-2.0.14.jar:/home/ec2-user/cq-trunk-stack/core/britishgas/lib/buildtime/cq/org.apache.sling.scripting.jsp.taglib-2.1.0.jar:/home/ec2-user/cq-trunk-stack/core/britishgas/lib/buildtime/cq/org.apache.sling.scripting.jst-2.0.4.jar:/home/ec2-user/cq-trunk-stack/core/britishgas/lib/buildtime/cq/org.apache.sling.servlets.get-2.1.2.jar:/home/ec2-user/cq-trunk-stack/core/britishgas/lib/buildtime/cq/org.apache.sling.servlets.post-2.1.0.jar:/home/ec2-user/cq-trunk-stack/core/britishgas/lib/buildtime/cq/org.apache.sling.servlets.resolver-2.1.0.jar:/home/ec2-user/cq-trunk-stack/core/britishgas/lib/buildtime/cq/org.apache.sling.settings-1.0.3-R1067955.jar:/home/ec2-user/cq-trunk-stack/core/britishgas/lib/buildtime/cq/org.osgi.compendium-4.2.0.jar:/home/ec2-user/cq-trunk-stack/core/britishgas/lib/buildtime/cq/org.osgi.core-4.2.0.jar:/home/ec2-user/cq-trunk-stack/core/britishgas/lib/buildtime/cq/oscache-2.4.1.jar:/home/ec2-user/cq-trunk-stack/core/britishgas/lib/buildtime/cq/peopleClient-1.0.jar:/home/ec2-user/cq-trunk-stack/core/britishgas/lib/buildtime/cq/saaj.jar:/home/ec2-user/cq-trunk-stack/core/britishgas/lib/buildtime/cq/sanselan-0.97-incubator.jar:/home/ec2-user/cq-trunk-stack/core/britishgas/lib/buildtime/cq/servlet-api-2.4.jar:/home/ec2-user/cq-trunk-stack/core/britishgas/lib/buildtime/cq/slf4j-api-1.6.1.jar:/home/ec2-user/cq-trunk-stack/core/britishgas/lib/buildtime/cq/wsdl4j-1.5.1.jar:/home/ec2-user/cq-trunk-stack/core/britishgas/lib/buildtime/cq/xercesImpl-2.9.0.jar:/home/ec2-user/cq-trunk-stack/core/britishgas/lib/buildtime/cq/xml-apis-1.3.03.jar:/home/ec2-user/cq-trunk-stack/core/britishgas/lib/buildtime/cxf/cxf-api-2.7.2.jar:/home/ec2-user/cq-trunk-stack/core/britishgas/lib/buildtime/cxf/cxf-rt-frontend-jaxrs-2.7.2.jar:/home/ec2-user/cq-trunk-stack/core/britishgas/lib/buildtime/cxf/cxf-rt-rs-extension-providers-2.7.2.jar:/home/ec2-user/cq-trunk-stack/core/britishgas/lib/buildtime/cxf/cxf-rt-rs-security-cors-2.7.2.jar:/home/ec2-user/cq-trunk-stack/core/britishgas/lib/buildtime/cxf/cxf-rt-rs-security-oauth2-2.7.2.jar:/home/ec2-user/cq-trunk-stack/core/britishgas/lib/buildtime/cxf/cxf-rt-transports-http-2.7.2.jar:/home/ec2-user/cq-trunk-stack/core/britishgas/lib/buildtime/cxf/org.apache.servicemix.specs.jsr339-api-m10-2.2.0.jar:/home/ec2-user/cq-trunk-stack/core/britishgas/lib/buildtime/ehcache-core-2.4.2.jar:/home/ec2-user/cq-trunk-stack/core/britishgas/lib/buildtime/felix.jar:/home/ec2-user/cq-trunk-stack/core/britishgas/lib/buildtime/gcm-server-1.0.2.jar:/home/ec2-user/cq-trunk-stack/core/britishgas/lib/buildtime/groovy-all-1.7.6.jar:/home/ec2-user/cq-trunk-stack/core/britishgas/lib/buildtime/java-uuid-generator-3.1.3.jar:/home/ec2-user/cq-trunk-stack/core/britishgas/lib/buildtime/jcl-over-slf4j-1.7.6.jar:/home/ec2-user/cq-trunk-stack/core/britishgas/lib/buildtime/jsch-0.1.51.jar:/home/ec2-user/cq-trunk-stack/core/britishgas/lib/buildtime/json-simple-1.1.1.jar:/home/ec2-user/cq-trunk-stack/core/britishgas/lib/buildtime/json-smart-2.0.jar:/home/ec2-user/cq-trunk-stack/core/britishgas/lib/buildtime/jul-to-slf4j-1.7.6.jar:/home/ec2-user/cq-trunk-stack/core/britishgas/lib/buildtime/lastinclasspath/weblogic-container-binding.jar:/home/ec2-user/cq-trunk-stack/core/britishgas/lib/buildtime/log4j-over-slf4j-1.7.6.jar:/home/ec2-user/cq-trunk-stack/core/britishgas/lib/buildtime/logback-classic-1.1.1.jar:/home/ec2-user/cq-trunk-stack/core/britishgas/lib/buildtime/logback-core-1.1.1.jar:/home/ec2-user/cq-trunk-stack/core/britishgas/lib/buildtime/nimbus-jose-jwt-4.27.jar:/home/ec2-user/cq-trunk-stack/core/britishgas/lib/buildtime/org.apache.sling.commons.log-4.0.0.jar:/home/ec2-user/cq-trunk-stack/core/britishgas/lib/buildtime/org.apache.sling.commons.logservice-1.0.2.jar:/home/ec2-user/cq-trunk-stack/core/britishgas/lib/buildtime/sitemapgen4j-1.0.1.jar:/home/ec2-user/cq-trunk-stack/core/britishgas/lib/buildtime/slf4j-api-1.7.6.jar:/home/ec2-user/cq-trunk-stack/core/britishgas/lib/buildtime/slice/com.springsource.javax.inject-1.0.0.jar:/home/ec2-user/cq-trunk-stack/core/britishgas/lib/buildtime/slice/com.springsource.org.aopalliance-1.0.0.jar:/home/ec2-user/cq-trunk-stack/core/britishgas/lib/buildtime/slice/guice-3.0.jar:/home/ec2-user/cq-trunk-stack/core/britishgas/lib/buildtime/slice/peaberry-1.1.1.jar:/home/ec2-user/cq-trunk-stack/core/britishgas/lib/buildtime/slice/slice-core-3.2.0.jar:/home/ec2-user/cq-trunk-stack/core/britishgas/lib/buildtime/slice/slice-core-api-3.2.0.jar:/home/ec2-user/cq-trunk-stack/core/britishgas/lib/buildtime/slice/slice-cq56-1.0.0.jar:/home/ec2-user/cq-trunk-stack/core/britishgas/lib/buildtime/slice/slice-cq56-taglib-1.0.0.jar:/home/ec2-user/cq-trunk-stack/core/britishgas/lib/buildtime/slice/slice-mapper-3.2.0.jar:/home/ec2-user/cq-trunk-stack/core/britishgas/lib/buildtime/slice/slice-mapper-api-3.2.0.jar:/home/ec2-user/cq-trunk-stack/core/britishgas/lib/buildtime/slice/slice-validation-3.2.0.jar:/home/ec2-user/cq-trunk-stack/core/britishgas/lib/buildtime/slice/slice-validation-api-3.2.0.jar:/home/ec2-user/cq-trunk-stack/core/britishgas/lib/buildtime/solr/commons-io-1.4.jar:/home/ec2-user/cq-trunk-stack/core/britishgas/lib/buildtime/solr/httpclient-4.2.3.jar:/home/ec2-user/cq-trunk-stack/core/britishgas/lib/buildtime/solr/httpcore-4.2.2.jar:/home/ec2-user/cq-trunk-stack/core/britishgas/lib/buildtime/solr/httpmime-4.2.3.jar:/home/ec2-user/cq-trunk-stack/core/britishgas/lib/buildtime/solr/noggit-0.5.jar:/home/ec2-user/cq-trunk-stack/core/britishgas/lib/buildtime/solr/solr-solrj-4.3.1.jar:/home/ec2-user/cq-trunk-stack/core/britishgas/lib/buildtime/solr/zookeeper-3.4.5.jar:/home/ec2-user/cq-trunk-stack/core/britishgas/lib/buildtime/weblogic/apache-xbean.jar:/home/ec2-user/cq-trunk-stack/core/britishgas/lib/buildtime/weblogic/jaxrpc.jar:/home/ec2-user/cq-trunk-stack/core/britishgas/lib/buildtime/weblogic/weblogic.jar:/home/ec2-user/cq-trunk-stack/core/britishgas/lib/buildtime/weblogic/webserviceclient.jar:/home/ec2-user/cq-trunk-stack/core/britishgas/lib/buildtime/weblogic/webservices.jar:/home/ec2-user/cq-trunk-stack/core/britishgas/lib/buildtime/weblogic/xbean.jar:/home/ec2-user/cq-trunk-stack/core/britishgas/lib/runtime/ArialFont.jar:/home/ec2-user/cq-trunk-stack/core/britishgas/lib/runtime/BVSDKUTIL_1.0.0.jar:/home/ec2-user/cq-trunk-stack/core/britishgas/lib/runtime/JavaPNS_2.2.jar:/home/ec2-user/cq-trunk-stack/core/britishgas/lib/runtime/QAProWeb.jar:/home/ec2-user/cq-trunk-stack/core/britishgas/lib/runtime/ST-4.0.2.jar:/home/ec2-user/cq-trunk-stack/core/britishgas/lib/runtime/XFMS_Java_API.jar:/home/ec2-user/cq-trunk-stack/core/britishgas/lib/runtime/activemq-core-5.0.0.jar:/home/ec2-user/cq-trunk-stack/core/britishgas/lib/runtime/antlr-3.3-complete.jar:/home/ec2-user/cq-trunk-stack/core/britishgas/lib/runtime/backport-util-concurrent-3.1.jar:/home/ec2-user/cq-trunk-stack/core/britishgas/lib/runtime/bcprov-jdk15-146.jar:/home/ec2-user/cq-trunk-stack/core/britishgas/lib/runtime/commons-beanutils-1.8.0.jar:/home/ec2-user/cq-trunk-stack/core/britishgas/lib/runtime/commons-collections-3.2.1.jar:/home/ec2-user/cq-trunk-stack/core/britishgas/lib/runtime/commons-io-1.4.jar:/home/ec2-user/cq-trunk-stack/core/britishgas/lib/runtime/cryptix.jar:/home/ec2-user/cq-trunk-stack/core/britishgas/lib/runtime/dom4j-1.6.1.jar:/home/ec2-user/cq-trunk-stack/core/britishgas/lib/runtime/eaionlinesecurity.jar:/home/ec2-user/cq-trunk-stack/core/britishgas/lib/runtime/gcm-server-1.0.2.jar:/home/ec2-user/cq-trunk-stack/core/britishgas/lib/runtime/geronimo-stax-api_1.0_spec-1.0.jar:/home/ec2-user/cq-trunk-stack/core/britishgas/lib/runtime/gson-2.0.jar:/home/ec2-user/cq-trunk-stack/core/britishgas/lib/runtime/guava-12.0.jar:/home/ec2-user/cq-trunk-stack/core/britishgas/lib/runtime/httpclient-4.2.3.jar:/home/ec2-user/cq-trunk-stack/core/britishgas/lib/runtime/httpclient/avalon-framework-4.1.5.jar:/home/ec2-user/cq-trunk-stack/core/britishgas/lib/runtime/httpclient/fluent-hc-4.4.jar:/home/ec2-user/cq-trunk-stack/core/britishgas/lib/runtime/httpclient/httpclient-4.4.jar:/home/ec2-user/cq-trunk-stack/core/britishgas/lib/runtime/httpclient/httpclient-cache-4.4.jar:/home/ec2-user/cq-trunk-stack/core/britishgas/lib/runtime/httpclient/httpcore-4.4.jar:/home/ec2-user/cq-trunk-stack/core/britishgas/lib/runtime/httpclient/httpmime-4.4.jar:/home/ec2-user/cq-trunk-stack/core/britishgas/lib/runtime/httpcore-4.2.2.jar:/home/ec2-user/cq-trunk-stack/core/britishgas/lib/runtime/httpmime-4.2.3.jar:/home/ec2-user/cq-trunk-stack/core/britishgas/lib/runtime/iText-2.1.7.js2.jar:/home/ec2-user/cq-trunk-stack/core/britishgas/lib/runtime/ical4j-1.0.4.jar:/home/ec2-user/cq-trunk-stack/core/britishgas/lib/runtime/jasperreports-5.6.1.jar:/home/ec2-user/cq-trunk-stack/core/britishgas/lib/runtime/joda-time-2.0.jar:/home/ec2-user/cq-trunk-stack/core/britishgas/lib/runtime/json-simple-1.1.1.jar:/home/ec2-user/cq-trunk-stack/core/britishgas/lib/runtime/json-smart-2.0.jar:/home/ec2-user/cq-trunk-stack/core/britishgas/lib/runtime/jsse.jar:/home/ec2-user/cq-trunk-stack/core/britishgas/lib/runtime/mvel2-2.1.3.Final.jar:/home/ec2-user/cq-trunk-stack/core/britishgas/lib/runtime/nimbus-jose-jwt-4.27.jar:/home/ec2-user/cq-trunk-stack/core/britishgas/lib/runtime/noggit-0.5.jar:/home/ec2-user/cq-trunk-stack/core/britishgas/lib/runtime/odata/javax.ws.rs-javax.ws.rs-api-2.0-m10.jar:/home/ec2-user/cq-trunk-stack/core/britishgas/lib/runtime/odata/org.apache.olingo-olingo-odata2-api-2.0.2.jar:/home/ec2-user/cq-trunk-stack/core/britishgas/lib/runtime/odata/org.apache.olingo-olingo-odata2-api-annotation-2.0.2.jar:/home/ec2-user/cq-trunk-stack/core/britishgas/lib/runtime/odata/org.apache.olingo-olingo-odata2-core-2.0.2.jar:/home/ec2-user/cq-trunk-stack/core/britishgas/lib/runtime/ognl-3.0.5.jar:/home/ec2-user/cq-trunk-stack/core/britishgas/lib/runtime/org.apache.felix.fileinstall-3.1.10.jar:/home/ec2-user/cq-trunk-stack/core/britishgas/lib/runtime/org.apache.felix.scr.annotations-1.5.0.jar:/home/ec2-user/cq-trunk-stack/core/britishgas/lib/runtime/oval-1.61.jar:/home/ec2-user/cq-trunk-stack/core/britishgas/lib/runtime/poi-3.7.jar:/home/ec2-user/cq-trunk-stack/core/britishgas/lib/runtime/poi-ooxml-3.7.jar:/home/ec2-user/cq-trunk-stack/core/britishgas/lib/runtime/poi-ooxml-schemas-3.7.jar:/home/ec2-user/cq-trunk-stack/core/britishgas/lib/runtime/proweb.jar:/home/ec2-user/cq-trunk-stack/core/britishgas/lib/runtime/recaptcha4j-0.0.8.jar:/home/ec2-user/cq-trunk-stack/core/britishgas/lib/runtime/reevoo-taglib-1.15.jar:/home/ec2-user/cq-trunk-stack/core/britishgas/lib/runtime/solr-solrj-4.3.1.jar:/home/ec2-user/cq-trunk-stack/core/britishgas/lib/runtime/spring-2.5.6.jar:/home/ec2-user/cq-trunk-stack/core/britishgas/lib/runtime/stcjcs.jar:/home/ec2-user/cq-trunk-stack/core/britishgas/lib/runtime/stcjms.jar:/home/ec2-user/cq-trunk-stack/core/britishgas/lib/runtime/xmlbeans-2.3.0.jar:/home/ec2-user/cq-trunk-stack/core/britishgas/lib/runtime/xmlpull-1.1.3.1.jar:/home/ec2-user/cq-trunk-stack/core/britishgas/lib/runtime/xpp3_min-1.1.4c.jar:/home/ec2-user/cq-trunk-stack/core/britishgas/lib/runtime/xstream-1.4.2.jar:/home/ec2-user/cq-trunk-stack/core/britishgas/lib/runtime/zip4j_1.3.2.jar:/home/ec2-user/cq-trunk-stack/core/britishgas/lib/runtime/zookeeper-3.4.5.jar:/home/ec2-user/cq-trunk-stack/core/britishgas/domain/src/main/resources:/home/ec2-user/cq-trunk-stack/core/britishgas/target/build/commons/classes:/home/ec2-user/cq-trunk-stack/core/britishgas/lib/test/biz.aQute.junit-1.0.0.jar:/home/ec2-user/cq-trunk-stack/core/britishgas/lib/test/commons-codec-1.4.jar:/home/ec2-user/cq-trunk-stack/core/britishgas/lib/test/commons-logging-1.1.jar:/home/ec2-user/cq-trunk-stack/core/britishgas/lib/test/dumbster1.6.jar:/home/ec2-user/cq-trunk-stack/core/britishgas/lib/test/httpclient-4.0.2.jar:/home/ec2-user/cq-trunk-stack/core/britishgas/lib/test/httpcore-4.0.1.jar:/home/ec2-user/cq-trunk-stack/core/britishgas/lib/test/jasper-runtime-5.5.23.jar:/home/ec2-user/cq-trunk-stack/core/britishgas/lib/test/jmockit.jar:/home/ec2-user/cq-trunk-stack/core/britishgas/lib/test/junit-4.8.jar:/home/ec2-user/cq-trunk-stack/core/britishgas/lib/test/mockito-all-1.8.5.jar:/home/ec2-user/cq-trunk-stack/core/britishgas/lib/test/ojdbc14.jar:/home/ec2-user/cq-trunk-stack/core/britishgas/lib/test/pdfbox-1.4.0.jar:/home/ec2-user/cq-trunk-stack/core/britishgas/lib/test/powermock-mockito-junit-1.3.9/javassist-3.17.1.jar:/home/ec2-user/cq-trunk-stack/core/britishgas/lib/test/powermock-mockito-junit-1.3.9/mockito-all-1.8.5.jar:/home/ec2-user/cq-trunk-stack/core/britishgas/lib/test/powermock-mockito-junit-1.3.9/objenesis-1.2.jar:/home/ec2-user/cq-trunk-stack/core/britishgas/lib/test/powermock-mockito-junit-1.3.9/powermock-mockito-1.3.9-full.jar:/home/ec2-user/cq-trunk-stack/core/britishgas/lib/test/slf4j-api-1.6.1.jar:/home/ec2-user/cq-trunk-stack/core/britishgas/tools/cobertura-1.9.4.1/cobertura.jar:/home/ec2-user/cq-trunk-stack/core/britishgas/tools/cobertura-1.9.4.1/lib/asm-3.0.jar:/home/ec2-user/cq-trunk-stack/core/britishgas/tools/cobertura-1.9.4.1/lib/asm-tree-3.0.jar:/home/ec2-user/cq-trunk-stack/core/britishgas/tools/cobertura-1.9.4.1/lib/jakarta-oro-2.0.8.jar:/home/ec2-user/cq-trunk-stack/core/britishgas/tools/cobertura-1.9.4.1/lib/log4j-1.2.9.jar:/home/ec2-user/cq-trunk-stack/core/britishgas/target/build/domain/testclasses:/home/ec2-user/cq-trunk-stack/core/britishgas/domain/src/test/resources:/home/ec2-user/cq-trunk-stack/core/britishgas/target/build/commons/testclasses:/usr/share/java/junit.jar:/usr/share/java/ant/ant-launcher.jar:/usr/share/java/ant/ant.jar:/usr/share/java/ant/ant-junit.jar:/usr/share/java/ant/ant-junit4.jar" />
    <property name="${compile.test.done}" value="true" />
    <property name="ant.file.britishgas" value="/home/ec2-user/cq-trunk-stack/core/britishgas/all/build.xml" />
    <property name="DSTAMP" value="20191016" />
    <property name="build.bundle.dir" value="/home/ec2-user/cq-trunk-stack/core/britishgas/target/build/domain" />
    <property name="ant.library.dir" value="/usr/share/ant/lib" />
    <property name="serviceimpls.module" value="serviceimpls" />
    <property name="os.arch" value="amd64" />
    <property name="dependent.modules" value="" />
    <property name="britishgas-odata-dependent" value="serviceimpls,servlets,webservices" />
    <property name="junit.report.dir" value="/home/ec2-user/cq-trunk-stack/core/britishgas/target/build/domain/junitreport" />
    <property name="ant.file.type.britishgas-domain" value="file" />
    <property name="ant.file.britishgas-macrodefs" value="/home/ec2-user/cq-trunk-stack/core/britishgas/all/build-macrodefs.xml" />
    <property name="dist.dir" value="/home/ec2-user/cq-trunk-stack/core/britishgas/target/build/domain/dist" />
    <property name="britishgas-repository.compile.done" value="true" />
    <property name="sun.java.launcher" value="SUN_STANDARD" />
    <property name="skip.report.if.build.pass" value="false" />
    <property name="ant.core.lib" value="/usr/share/java/ant/ant.jar" />
    <property name="module" value="domain" />
    <property name="java.vm.specification.vendor" value="Oracle Corporation" />
    <property name="TSTAMP" value="1836" />
    <property name="cq.package.manager.remove.url" value="http://localhost:7001/crx/packmgr/service.jsp?cmd=rm" />
    <property name="file.separator" value="/" />
    <property name="callers.module" value="callers" />
    <property name="src.classes.dir" value="/home/ec2-user/cq-trunk-stack/core/britishgas/target/build/domain/classes" />
    <property name="java.runtime.version" value="1.7.0_231-mockbuild_2019_08_19_17_24-b00" />
    <property name="sun.boot.class.path" value="/usr/lib/jvm/java-1.7.0-openjdk-1.7.0.231-2.6.19.1.amzn2.0.1.x86_64/jre/lib/resources.jar:/usr/lib/jvm/java-1.7.0-openjdk-1.7.0.231-2.6.19.1.amzn2.0.1.x86_64/jre/lib/rt.jar:/usr/lib/jvm/java-1.7.0-openjdk-1.7.0.231-2.6.19.1.amzn2.0.1.x86_64/jre/lib/sunrsasign.jar:/usr/lib/jvm/java-1.7.0-openjdk-1.7.0.231-2.6.19.1.amzn2.0.1.x86_64/jre/lib/jsse.jar:/usr/lib/jvm/java-1.7.0-openjdk-1.7.0.231-2.6.19.1.amzn2.0.1.x86_64/jre/lib/jce.jar:/usr/lib/jvm/java-1.7.0-openjdk-1.7.0.231-2.6.19.1.amzn2.0.1.x86_64/jre/lib/charsets.jar:/usr/lib/jvm/java-1.7.0-openjdk-1.7.0.231-2.6.19.1.amzn2.0.1.x86_64/jre/lib/rhino.jar:/usr/lib/jvm/java-1.7.0-openjdk-1.7.0.231-2.6.19.1.amzn2.0.1.x86_64/jre/lib/jfr.jar:/usr/lib/jvm/java-1.7.0-openjdk-1.7.0.231-2.6.19.1.amzn2.0.1.x86_64/jre/classes" />
    <property name="weblogic.domain.home" value="C:\workspace\domains\Online" />
    <property name="commands.module" value="commands" />
    <property name="${compile.main.done}" value="true" />
    <property name="env.XDG_RUNTIME_DIR" value="/run/user/1000" />
    <property name="britishgas-odata.compile.done" value="true" />
    <property name="services.module" value="services" />
    <property name="osgi.metadata.dir" value="/home/ec2-user/cq-trunk-stack/core/britishgas/target/build/domain/osgimetadata" />
    <property name="user.country" value="US" />
    <property name="env.SHELL" value="/bin/bash" />
    <property name="cq.package.manager.uninstall.url" value="http://localhost:7001/crx/packmgr/service.jsp?cmd=uninst" />
    <property name="env.NVM_CD_FLAGS" value="" />
    <property name="test.resources.dir" value="/home/ec2-user/cq-trunk-stack/core/britishgas/domain/src/test/resources" />
    <property name="cq.package.manager.install.url" value="http://localhost:7001/crx/packmgr/service.jsp?cmd=inst" />
    <property name="java.vendor" value="Oracle Corporation" />
    <property name="britishgas-services.compile.done" value="true" />
    <property name="bundle.path" value="/home/ec2-user/cq-trunk-stack/core/britishgas/target/build/domain/dist/britishgasDomain.jar" />
    <property name="sonar.sources" value="/home/ec2-user/cq-trunk-stack/core/britishgas/domain/src/main/java" />
    <property name="java.specification.version" value="1.7" />
    <property name="sun.arch.data.model" value="64" />
  </properties>
  <testcase classname="com.centrica.domain.RelatedArticleTest" name="checkAll" time="0.001" />
  <system-out><![CDATA[]]></system-out>
  <system-err><![CDATA[]]></system-err>
</testsuite>
